[debug] [2021-01-31T15:17:51.379Z] ----------------------------------------------------------------------
[debug] [2021-01-31T15:17:51.381Z] Command:       D:\nodejs\node.exe C:\Users\floyd\AppData\Roaming\npm\node_modules\firebase-tools\lib\bin\firebase.js init hosting
[debug] [2021-01-31T15:17:51.381Z] CLI Version:   9.2.2
[debug] [2021-01-31T15:17:51.381Z] Platform:      win32
[debug] [2021-01-31T15:17:51.381Z] Node Version:  v14.15.3
[debug] [2021-01-31T15:17:51.382Z] Time:          Sun Jan 31 2021 23:17:51 GMT+0800 (Singapore Standard Time)
[debug] [2021-01-31T15:17:51.382Z] ----------------------------------------------------------------------
[debug] [2021-01-31T15:17:51.382Z] 
[debug] [2021-01-31T15:17:51.403Z] > command requires scopes: ["email","openid","https://www.googleapis.com/auth/cloudplatformprojects.readonly","https://www.googleapis.com/auth/firebase","https://www.googleapis.com/auth/cloud-platform"]
[debug] [2021-01-31T15:17:51.403Z] > authorizing via signed-in user
[info] 
     ######## #### ########  ######## ########     ###     ######  ########
     ##        ##  ##     ## ##       ##     ##  ##   ##  ##       ##
     ######    ##  ########  ######   ########  #########  ######  ######
     ##        ##  ##    ##  ##       ##     ## ##     ##       ## ##
     ##       #### ##     ## ######## ########  ##     ##  ######  ########

You're about to initialize a Firebase project in this directory:

  E:\WebDevs\moviesearch

Before we get started, keep in mind:

  * You are initializing in an existing Firebase project directory

